2025-03-09 15:29:13 - root - INFO - Calling function: entrypoint with arguments: (), {}
2025-03-09 15:29:13 - root - INFO - Function -> entrypoint returned: <coroutine object entrypoint at 0x0000023D40B1D4E0>
2025-03-09 15:29:13 - asyncio - DEBUG - Using proactor: IocpProactor
2025-03-09 15:41:22 - root - INFO - Calling function: entrypoint with arguments: (), {}
2025-03-09 15:41:22 - root - INFO - Function -> entrypoint returned: <coroutine object entrypoint at 0x0000026554135540>
2025-03-09 15:41:22 - asyncio - DEBUG - Using proactor: IocpProactor
2025-03-09 15:41:22 - httpcore.connection - DEBUG - connect_tcp.started host='en.wikipedia.org' port=443 local_address=None timeout=5.0 socket_options=None
2025-03-09 15:41:22 - httpcore.connection - DEBUG - connect_tcp.complete return_value=<httpcore._backends.anyio.AnyIOStream object at 0x00000265543EE510>
2025-03-09 15:41:22 - httpcore.connection - DEBUG - start_tls.started ssl_context=<ssl.SSLContext object at 0x00000265543A8440> server_hostname='en.wikipedia.org' timeout=5.0
2025-03-09 15:41:22 - httpcore.connection - DEBUG - start_tls.complete return_value=<httpcore._backends.anyio.AnyIOStream object at 0x00000265543C5D10>
2025-03-09 15:41:22 - httpcore.http11 - DEBUG - send_request_headers.started request=<Request [b'GET']>
2025-03-09 15:41:22 - httpcore.http11 - DEBUG - send_request_headers.complete
2025-03-09 15:41:22 - httpcore.http11 - DEBUG - send_request_body.started request=<Request [b'GET']>
2025-03-09 15:41:22 - httpcore.http11 - DEBUG - send_request_body.complete
2025-03-09 15:41:22 - httpcore.http11 - DEBUG - receive_response_headers.started request=<Request [b'GET']>
2025-03-09 15:41:22 - httpcore.http11 - DEBUG - receive_response_headers.complete return_value=(b'HTTP/1.1', 200, b'OK', [(b'date', b'Sun, 09 Mar 2025 18:27:26 GMT'), (b'vary', b'Accept-Encoding,Cookie,Authorization'), (b'server', b'ATS/9.2.6'), (b'x-content-type-options', b'nosniff'), (b'content-language', b'en'), (b'accept-ch', b''), (b'last-modified', b'Thu, 06 Mar 2025 00:22:37 GMT'), (b'content-type', b'text/html; charset=UTF-8'), (b'content-encoding', b'gzip'), (b'age', b'4436'), (b'x-cache', b'cp1114 hit, cp1114 hit/16'), (b'x-cache-status', b'hit-front'), (b'server-timing', b'cache;desc="hit-front", host;desc="cp1114"'), (b'strict-transport-security', b'max-age=106384710; includeSubDomains; preload'), (b'report-to', b'{ "group": "wm_nel", "max_age": 604800, "endpoints": [{ "url": "https://intake-logging.wikimedia.org/v1/events?stream=w3c.reportingapi.network_error&schema_uri=/w3c/reportingapi/network_error/1.0.0" }] }'), (b'nel', b'{ "report_to": "wm_nel", "max_age": 604800, "failure_fraction": 0.05, "success_fraction": 0.0}'), (b'set-cookie', b'WMF-Last-Access=09-Mar-2025;Path=/;HttpOnly;secure;Expires=Thu, 10 Apr 2025 12:00:00 GMT'), (b'set-cookie', b'WMF-Last-Access-Global=09-Mar-2025;Path=/;Domain=.wikipedia.org;HttpOnly;secure;Expires=Thu, 10 Apr 2025 12:00:00 GMT'), (b'set-cookie', b'WMF-DP=42f;Path=/;HttpOnly;secure;Expires=Mon, 10 Mar 2025 00:00:00 GMT'), (b'x-client-ip', b'2600:4040:27f6:a100:ac71:3f3b:604b:adf1'), (b'cache-control', b'private, s-maxage=0, max-age=0, must-revalidate, no-transform'), (b'set-cookie', b'GeoIP=US:VA:McLean:38.96:-77.23:v4; Path=/; secure; Domain=.wikipedia.org'), (b'set-cookie', b'NetworkProbeLimit=0.001;Path=/;Secure;SameSite=Lax;Max-Age=3600'), (b'accept-ranges', b'bytes'), (b'content-length', b'83939')])
2025-03-09 15:41:22 - httpx - INFO - HTTP Request: GET https://en.wikipedia.org/wiki/2012-13_Newcastle_United_F.C._season "HTTP/1.1 200 OK"
2025-03-09 15:41:22 - httpcore.http11 - DEBUG - receive_response_body.started request=<Request [b'GET']>
2025-03-09 15:41:22 - httpcore.http11 - DEBUG - receive_response_body.complete
2025-03-09 15:41:22 - httpcore.http11 - DEBUG - response_closed.started
2025-03-09 15:41:22 - httpcore.http11 - DEBUG - response_closed.complete
2025-03-09 15:41:22 - httpcore.connection - DEBUG - close.started
2025-03-09 15:41:22 - httpcore.connection - DEBUG - close.complete
2025-03-09 15:44:48 - root - INFO - Calling function: entrypoint with arguments: (), {}
2025-03-09 15:44:48 - root - INFO - Function -> entrypoint returned: <coroutine object entrypoint at 0x000001CE96CD5540>
2025-03-09 15:44:48 - asyncio - DEBUG - Using proactor: IocpProactor
2025-03-09 15:44:48 - httpcore.connection - DEBUG - connect_tcp.started host='en.wikipedia.org' port=443 local_address=None timeout=5.0 socket_options=None
2025-03-09 15:44:48 - httpcore.connection - DEBUG - connect_tcp.complete return_value=<httpcore._backends.anyio.AnyIOStream object at 0x000001CE96F8E510>
2025-03-09 15:44:48 - httpcore.connection - DEBUG - start_tls.started ssl_context=<ssl.SSLContext object at 0x000001CE96F48440> server_hostname='en.wikipedia.org' timeout=5.0
2025-03-09 15:44:48 - httpcore.connection - DEBUG - start_tls.complete return_value=<httpcore._backends.anyio.AnyIOStream object at 0x000001CE96F65D10>
2025-03-09 15:44:48 - httpcore.http11 - DEBUG - send_request_headers.started request=<Request [b'GET']>
2025-03-09 15:44:48 - httpcore.http11 - DEBUG - send_request_headers.complete
2025-03-09 15:44:48 - httpcore.http11 - DEBUG - send_request_body.started request=<Request [b'GET']>
2025-03-09 15:44:48 - httpcore.http11 - DEBUG - send_request_body.complete
2025-03-09 15:44:48 - httpcore.http11 - DEBUG - receive_response_headers.started request=<Request [b'GET']>
2025-03-09 15:44:48 - httpcore.http11 - DEBUG - receive_response_headers.complete return_value=(b'HTTP/1.1', 200, b'OK', [(b'date', b'Sun, 09 Mar 2025 18:27:26 GMT'), (b'vary', b'Accept-Encoding,Cookie,Authorization'), (b'server', b'ATS/9.2.6'), (b'x-content-type-options', b'nosniff'), (b'content-language', b'en'), (b'accept-ch', b''), (b'last-modified', b'Thu, 06 Mar 2025 00:22:37 GMT'), (b'content-type', b'text/html; charset=UTF-8'), (b'content-encoding', b'gzip'), (b'age', b'4642'), (b'x-cache', b'cp1114 hit, cp1114 hit/17'), (b'x-cache-status', b'hit-front'), (b'server-timing', b'cache;desc="hit-front", host;desc="cp1114"'), (b'strict-transport-security', b'max-age=106384710; includeSubDomains; preload'), (b'report-to', b'{ "group": "wm_nel", "max_age": 604800, "endpoints": [{ "url": "https://intake-logging.wikimedia.org/v1/events?stream=w3c.reportingapi.network_error&schema_uri=/w3c/reportingapi/network_error/1.0.0" }] }'), (b'nel', b'{ "report_to": "wm_nel", "max_age": 604800, "failure_fraction": 0.05, "success_fraction": 0.0}'), (b'set-cookie', b'WMF-Last-Access=09-Mar-2025;Path=/;HttpOnly;secure;Expires=Thu, 10 Apr 2025 12:00:00 GMT'), (b'set-cookie', b'WMF-Last-Access-Global=09-Mar-2025;Path=/;Domain=.wikipedia.org;HttpOnly;secure;Expires=Thu, 10 Apr 2025 12:00:00 GMT'), (b'set-cookie', b'WMF-DP=42f;Path=/;HttpOnly;secure;Expires=Mon, 10 Mar 2025 00:00:00 GMT'), (b'x-client-ip', b'2600:4040:27f6:a100:ac71:3f3b:604b:adf1'), (b'cache-control', b'private, s-maxage=0, max-age=0, must-revalidate, no-transform'), (b'set-cookie', b'GeoIP=US:VA:McLean:38.96:-77.23:v4; Path=/; secure; Domain=.wikipedia.org'), (b'set-cookie', b'NetworkProbeLimit=0.001;Path=/;Secure;SameSite=Lax;Max-Age=3600'), (b'accept-ranges', b'bytes'), (b'content-length', b'83939')])
2025-03-09 15:44:48 - httpx - INFO - HTTP Request: GET https://en.wikipedia.org/wiki/2012-13_Newcastle_United_F.C._season "HTTP/1.1 200 OK"
2025-03-09 15:44:48 - httpcore.http11 - DEBUG - receive_response_body.started request=<Request [b'GET']>
2025-03-09 15:44:48 - httpcore.http11 - DEBUG - receive_response_body.complete
2025-03-09 15:44:48 - httpcore.http11 - DEBUG - response_closed.started
2025-03-09 15:44:48 - httpcore.http11 - DEBUG - response_closed.complete
2025-03-09 15:44:48 - httpcore.connection - DEBUG - close.started
2025-03-09 15:44:48 - httpcore.connection - DEBUG - close.complete
2025-03-09 15:46:13 - root - INFO - Calling function: entrypoint with arguments: (), {}
2025-03-09 15:46:13 - root - INFO - Function -> entrypoint returned: <coroutine object entrypoint at 0x000001684A895540>
2025-03-09 15:46:13 - asyncio - DEBUG - Using proactor: IocpProactor
2025-03-09 15:46:14 - httpcore.connection - DEBUG - connect_tcp.started host='en.wikipedia.org' port=443 local_address=None timeout=5.0 socket_options=None
2025-03-09 15:46:14 - httpcore.connection - DEBUG - connect_tcp.complete return_value=<httpcore._backends.anyio.AnyIOStream object at 0x000001684AB1E510>
2025-03-09 15:46:14 - httpcore.connection - DEBUG - start_tls.started ssl_context=<ssl.SSLContext object at 0x000001684AAD8440> server_hostname='en.wikipedia.org' timeout=5.0
2025-03-09 15:46:14 - httpcore.connection - DEBUG - start_tls.complete return_value=<httpcore._backends.anyio.AnyIOStream object at 0x000001684AAF5D10>
2025-03-09 15:46:14 - httpcore.http11 - DEBUG - send_request_headers.started request=<Request [b'GET']>
2025-03-09 15:46:14 - httpcore.http11 - DEBUG - send_request_headers.complete
2025-03-09 15:46:14 - httpcore.http11 - DEBUG - send_request_body.started request=<Request [b'GET']>
2025-03-09 15:46:14 - httpcore.http11 - DEBUG - send_request_body.complete
2025-03-09 15:46:14 - httpcore.http11 - DEBUG - receive_response_headers.started request=<Request [b'GET']>
2025-03-09 15:46:14 - httpcore.http11 - DEBUG - receive_response_headers.complete return_value=(b'HTTP/1.1', 200, b'OK', [(b'date', b'Sun, 09 Mar 2025 18:27:26 GMT'), (b'vary', b'Accept-Encoding,Cookie,Authorization'), (b'server', b'ATS/9.2.6'), (b'x-content-type-options', b'nosniff'), (b'content-language', b'en'), (b'accept-ch', b''), (b'last-modified', b'Thu, 06 Mar 2025 00:22:37 GMT'), (b'content-type', b'text/html; charset=UTF-8'), (b'content-encoding', b'gzip'), (b'age', b'4727'), (b'x-cache', b'cp1114 hit, cp1114 hit/18'), (b'x-cache-status', b'hit-front'), (b'server-timing', b'cache;desc="hit-front", host;desc="cp1114"'), (b'strict-transport-security', b'max-age=106384710; includeSubDomains; preload'), (b'report-to', b'{ "group": "wm_nel", "max_age": 604800, "endpoints": [{ "url": "https://intake-logging.wikimedia.org/v1/events?stream=w3c.reportingapi.network_error&schema_uri=/w3c/reportingapi/network_error/1.0.0" }] }'), (b'nel', b'{ "report_to": "wm_nel", "max_age": 604800, "failure_fraction": 0.05, "success_fraction": 0.0}'), (b'set-cookie', b'WMF-Last-Access=09-Mar-2025;Path=/;HttpOnly;secure;Expires=Thu, 10 Apr 2025 12:00:00 GMT'), (b'set-cookie', b'WMF-Last-Access-Global=09-Mar-2025;Path=/;Domain=.wikipedia.org;HttpOnly;secure;Expires=Thu, 10 Apr 2025 12:00:00 GMT'), (b'set-cookie', b'WMF-DP=42f;Path=/;HttpOnly;secure;Expires=Mon, 10 Mar 2025 00:00:00 GMT'), (b'x-client-ip', b'2600:4040:27f6:a100:ac71:3f3b:604b:adf1'), (b'cache-control', b'private, s-maxage=0, max-age=0, must-revalidate, no-transform'), (b'set-cookie', b'GeoIP=US:VA:McLean:38.96:-77.23:v4; Path=/; secure; Domain=.wikipedia.org'), (b'set-cookie', b'NetworkProbeLimit=0.001;Path=/;Secure;SameSite=Lax;Max-Age=3600'), (b'accept-ranges', b'bytes'), (b'content-length', b'83939')])
2025-03-09 15:46:14 - httpx - INFO - HTTP Request: GET https://en.wikipedia.org/wiki/2012-13_Newcastle_United_F.C._season "HTTP/1.1 200 OK"
2025-03-09 15:46:14 - httpcore.http11 - DEBUG - receive_response_body.started request=<Request [b'GET']>
2025-03-09 15:46:14 - httpcore.http11 - DEBUG - receive_response_body.complete
2025-03-09 15:46:14 - httpcore.http11 - DEBUG - response_closed.started
2025-03-09 15:46:14 - httpcore.http11 - DEBUG - response_closed.complete
2025-03-09 15:46:14 - httpcore.connection - DEBUG - close.started
2025-03-09 15:46:14 - httpcore.connection - DEBUG - close.complete
2025-03-09 15:53:52 - root - INFO - Calling function: entrypoint with arguments: (), {}
2025-03-09 15:53:52 - root - INFO - Function -> entrypoint returned: <coroutine object entrypoint at 0x000001A37D295540>
2025-03-09 15:53:52 - asyncio - DEBUG - Using proactor: IocpProactor
2025-03-09 15:53:52 - httpcore.connection - DEBUG - connect_tcp.started host='en.wikipedia.org' port=443 local_address=None timeout=5.0 socket_options=None
2025-03-09 15:53:52 - httpcore.connection - DEBUG - connect_tcp.complete return_value=<httpcore._backends.anyio.AnyIOStream object at 0x000001A37D54E510>
2025-03-09 15:53:52 - httpcore.connection - DEBUG - start_tls.started ssl_context=<ssl.SSLContext object at 0x000001A37D508440> server_hostname='en.wikipedia.org' timeout=5.0
2025-03-09 15:53:52 - httpcore.connection - DEBUG - start_tls.complete return_value=<httpcore._backends.anyio.AnyIOStream object at 0x000001A37D525D10>
2025-03-09 15:53:52 - httpcore.http11 - DEBUG - send_request_headers.started request=<Request [b'GET']>
2025-03-09 15:53:52 - httpcore.http11 - DEBUG - send_request_headers.complete
2025-03-09 15:53:52 - httpcore.http11 - DEBUG - send_request_body.started request=<Request [b'GET']>
2025-03-09 15:53:52 - httpcore.http11 - DEBUG - send_request_body.complete
2025-03-09 15:53:52 - httpcore.http11 - DEBUG - receive_response_headers.started request=<Request [b'GET']>
2025-03-09 15:53:52 - httpcore.http11 - DEBUG - receive_response_headers.complete return_value=(b'HTTP/1.1', 200, b'OK', [(b'date', b'Sun, 09 Mar 2025 18:27:26 GMT'), (b'vary', b'Accept-Encoding,Cookie,Authorization'), (b'server', b'ATS/9.2.6'), (b'x-content-type-options', b'nosniff'), (b'content-language', b'en'), (b'accept-ch', b''), (b'last-modified', b'Thu, 06 Mar 2025 00:22:37 GMT'), (b'content-type', b'text/html; charset=UTF-8'), (b'content-encoding', b'gzip'), (b'age', b'5186'), (b'x-cache', b'cp1114 hit, cp1114 hit/19'), (b'x-cache-status', b'hit-front'), (b'server-timing', b'cache;desc="hit-front", host;desc="cp1114"'), (b'strict-transport-security', b'max-age=106384710; includeSubDomains; preload'), (b'report-to', b'{ "group": "wm_nel", "max_age": 604800, "endpoints": [{ "url": "https://intake-logging.wikimedia.org/v1/events?stream=w3c.reportingapi.network_error&schema_uri=/w3c/reportingapi/network_error/1.0.0" }] }'), (b'nel', b'{ "report_to": "wm_nel", "max_age": 604800, "failure_fraction": 0.05, "success_fraction": 0.0}'), (b'set-cookie', b'WMF-Last-Access=09-Mar-2025;Path=/;HttpOnly;secure;Expires=Thu, 10 Apr 2025 12:00:00 GMT'), (b'set-cookie', b'WMF-Last-Access-Global=09-Mar-2025;Path=/;Domain=.wikipedia.org;HttpOnly;secure;Expires=Thu, 10 Apr 2025 12:00:00 GMT'), (b'set-cookie', b'WMF-DP=42f;Path=/;HttpOnly;secure;Expires=Mon, 10 Mar 2025 00:00:00 GMT'), (b'x-client-ip', b'2600:4040:27f6:a100:ac71:3f3b:604b:adf1'), (b'cache-control', b'private, s-maxage=0, max-age=0, must-revalidate, no-transform'), (b'set-cookie', b'GeoIP=US:VA:McLean:38.96:-77.23:v4; Path=/; secure; Domain=.wikipedia.org'), (b'set-cookie', b'NetworkProbeLimit=0.001;Path=/;Secure;SameSite=Lax;Max-Age=3600'), (b'accept-ranges', b'bytes'), (b'content-length', b'83939')])
2025-03-09 15:53:52 - httpx - INFO - HTTP Request: GET https://en.wikipedia.org/wiki/2012-13_Newcastle_United_F.C._season "HTTP/1.1 200 OK"
2025-03-09 15:53:52 - httpcore.http11 - DEBUG - receive_response_body.started request=<Request [b'GET']>
2025-03-09 15:53:52 - httpcore.http11 - DEBUG - receive_response_body.complete
2025-03-09 15:53:52 - httpcore.http11 - DEBUG - response_closed.started
2025-03-09 15:53:52 - httpcore.http11 - DEBUG - response_closed.complete
2025-03-09 15:53:52 - httpcore.connection - DEBUG - close.started
2025-03-09 15:53:52 - httpcore.connection - DEBUG - close.complete
2025-03-09 15:57:43 - root - INFO - Calling function: entrypoint with arguments: (), {}
2025-03-09 15:57:43 - root - INFO - Function -> entrypoint returned: <coroutine object entrypoint at 0x000002846D4A5540>
2025-03-09 15:57:43 - asyncio - DEBUG - Using proactor: IocpProactor
2025-03-09 15:57:43 - httpcore.connection - DEBUG - connect_tcp.started host='en.wikipedia.org' port=443 local_address=None timeout=5.0 socket_options=None
2025-03-09 15:57:43 - httpcore.connection - DEBUG - connect_tcp.complete return_value=<httpcore._backends.anyio.AnyIOStream object at 0x000002846D73E510>
2025-03-09 15:57:43 - httpcore.connection - DEBUG - start_tls.started ssl_context=<ssl.SSLContext object at 0x000002846D6F84D0> server_hostname='en.wikipedia.org' timeout=5.0
2025-03-09 15:57:43 - httpcore.connection - DEBUG - start_tls.complete return_value=<httpcore._backends.anyio.AnyIOStream object at 0x000002846D715D10>
2025-03-09 15:57:43 - httpcore.http11 - DEBUG - send_request_headers.started request=<Request [b'GET']>
2025-03-09 15:57:43 - httpcore.http11 - DEBUG - send_request_headers.complete
2025-03-09 15:57:43 - httpcore.http11 - DEBUG - send_request_body.started request=<Request [b'GET']>
2025-03-09 15:57:43 - httpcore.http11 - DEBUG - send_request_body.complete
2025-03-09 15:57:43 - httpcore.http11 - DEBUG - receive_response_headers.started request=<Request [b'GET']>
2025-03-09 15:57:43 - httpcore.http11 - DEBUG - receive_response_headers.complete return_value=(b'HTTP/1.1', 200, b'OK', [(b'date', b'Sun, 09 Mar 2025 18:27:26 GMT'), (b'vary', b'Accept-Encoding,Cookie,Authorization'), (b'server', b'ATS/9.2.6'), (b'x-content-type-options', b'nosniff'), (b'content-language', b'en'), (b'accept-ch', b''), (b'last-modified', b'Thu, 06 Mar 2025 00:22:37 GMT'), (b'content-type', b'text/html; charset=UTF-8'), (b'content-encoding', b'gzip'), (b'age', b'5417'), (b'x-cache', b'cp1114 hit, cp1114 hit/20'), (b'x-cache-status', b'hit-front'), (b'server-timing', b'cache;desc="hit-front", host;desc="cp1114"'), (b'strict-transport-security', b'max-age=106384710; includeSubDomains; preload'), (b'report-to', b'{ "group": "wm_nel", "max_age": 604800, "endpoints": [{ "url": "https://intake-logging.wikimedia.org/v1/events?stream=w3c.reportingapi.network_error&schema_uri=/w3c/reportingapi/network_error/1.0.0" }] }'), (b'nel', b'{ "report_to": "wm_nel", "max_age": 604800, "failure_fraction": 0.05, "success_fraction": 0.0}'), (b'set-cookie', b'WMF-Last-Access=09-Mar-2025;Path=/;HttpOnly;secure;Expires=Thu, 10 Apr 2025 12:00:00 GMT'), (b'set-cookie', b'WMF-Last-Access-Global=09-Mar-2025;Path=/;Domain=.wikipedia.org;HttpOnly;secure;Expires=Thu, 10 Apr 2025 12:00:00 GMT'), (b'set-cookie', b'WMF-DP=42f;Path=/;HttpOnly;secure;Expires=Mon, 10 Mar 2025 00:00:00 GMT'), (b'x-client-ip', b'2600:4040:27f6:a100:ac71:3f3b:604b:adf1'), (b'cache-control', b'private, s-maxage=0, max-age=0, must-revalidate, no-transform'), (b'set-cookie', b'GeoIP=US:VA:McLean:38.96:-77.23:v4; Path=/; secure; Domain=.wikipedia.org'), (b'set-cookie', b'NetworkProbeLimit=0.001;Path=/;Secure;SameSite=Lax;Max-Age=3600'), (b'accept-ranges', b'bytes'), (b'content-length', b'83939')])
2025-03-09 15:57:43 - httpx - INFO - HTTP Request: GET https://en.wikipedia.org/wiki/2012-13_Newcastle_United_F.C._season "HTTP/1.1 200 OK"
2025-03-09 15:57:43 - httpcore.http11 - DEBUG - receive_response_body.started request=<Request [b'GET']>
2025-03-09 15:57:44 - httpcore.http11 - DEBUG - receive_response_body.complete
2025-03-09 15:57:44 - httpcore.http11 - DEBUG - response_closed.started
2025-03-09 15:57:44 - httpcore.http11 - DEBUG - response_closed.complete
2025-03-09 15:57:44 - httpcore.connection - DEBUG - close.started
2025-03-09 15:57:44 - httpcore.connection - DEBUG - close.complete
2025-03-09 15:58:15 - root - INFO - Calling function: entrypoint with arguments: (), {}
2025-03-09 15:58:15 - root - INFO - Function -> entrypoint returned: <coroutine object entrypoint at 0x0000013AB6AD5540>
2025-03-09 15:58:15 - asyncio - DEBUG - Using proactor: IocpProactor
2025-03-09 15:58:15 - httpcore.connection - DEBUG - connect_tcp.started host='en.wikipedia.org' port=443 local_address=None timeout=5.0 socket_options=None
2025-03-09 15:58:15 - httpcore.connection - DEBUG - connect_tcp.complete return_value=<httpcore._backends.anyio.AnyIOStream object at 0x0000013AB6D5E510>
2025-03-09 15:58:15 - httpcore.connection - DEBUG - start_tls.started ssl_context=<ssl.SSLContext object at 0x0000013AB6D18440> server_hostname='en.wikipedia.org' timeout=5.0
2025-03-09 15:58:15 - httpcore.connection - DEBUG - start_tls.complete return_value=<httpcore._backends.anyio.AnyIOStream object at 0x0000013AB6D35D10>
2025-03-09 15:58:15 - httpcore.http11 - DEBUG - send_request_headers.started request=<Request [b'GET']>
2025-03-09 15:58:15 - httpcore.http11 - DEBUG - send_request_headers.complete
2025-03-09 15:58:15 - httpcore.http11 - DEBUG - send_request_body.started request=<Request [b'GET']>
2025-03-09 15:58:15 - httpcore.http11 - DEBUG - send_request_body.complete
2025-03-09 15:58:15 - httpcore.http11 - DEBUG - receive_response_headers.started request=<Request [b'GET']>
2025-03-09 15:58:15 - httpcore.http11 - DEBUG - receive_response_headers.complete return_value=(b'HTTP/1.1', 200, b'OK', [(b'date', b'Sun, 09 Mar 2025 18:27:26 GMT'), (b'vary', b'Accept-Encoding,Cookie,Authorization'), (b'server', b'ATS/9.2.6'), (b'x-content-type-options', b'nosniff'), (b'content-language', b'en'), (b'accept-ch', b''), (b'last-modified', b'Thu, 06 Mar 2025 00:22:37 GMT'), (b'content-type', b'text/html; charset=UTF-8'), (b'content-encoding', b'gzip'), (b'age', b'5449'), (b'x-cache', b'cp1114 hit, cp1114 hit/21'), (b'x-cache-status', b'hit-front'), (b'server-timing', b'cache;desc="hit-front", host;desc="cp1114"'), (b'strict-transport-security', b'max-age=106384710; includeSubDomains; preload'), (b'report-to', b'{ "group": "wm_nel", "max_age": 604800, "endpoints": [{ "url": "https://intake-logging.wikimedia.org/v1/events?stream=w3c.reportingapi.network_error&schema_uri=/w3c/reportingapi/network_error/1.0.0" }] }'), (b'nel', b'{ "report_to": "wm_nel", "max_age": 604800, "failure_fraction": 0.05, "success_fraction": 0.0}'), (b'set-cookie', b'WMF-Last-Access=09-Mar-2025;Path=/;HttpOnly;secure;Expires=Thu, 10 Apr 2025 12:00:00 GMT'), (b'set-cookie', b'WMF-Last-Access-Global=09-Mar-2025;Path=/;Domain=.wikipedia.org;HttpOnly;secure;Expires=Thu, 10 Apr 2025 12:00:00 GMT'), (b'set-cookie', b'WMF-DP=42f;Path=/;HttpOnly;secure;Expires=Mon, 10 Mar 2025 00:00:00 GMT'), (b'x-client-ip', b'2600:4040:27f6:a100:ac71:3f3b:604b:adf1'), (b'cache-control', b'private, s-maxage=0, max-age=0, must-revalidate, no-transform'), (b'set-cookie', b'GeoIP=US:VA:McLean:38.96:-77.23:v4; Path=/; secure; Domain=.wikipedia.org'), (b'set-cookie', b'NetworkProbeLimit=0.001;Path=/;Secure;SameSite=Lax;Max-Age=3600'), (b'accept-ranges', b'bytes'), (b'content-length', b'83939')])
2025-03-09 15:58:15 - httpx - INFO - HTTP Request: GET https://en.wikipedia.org/wiki/2012-13_Newcastle_United_F.C._season "HTTP/1.1 200 OK"
2025-03-09 15:58:15 - httpcore.http11 - DEBUG - receive_response_body.started request=<Request [b'GET']>
2025-03-09 15:58:15 - httpcore.http11 - DEBUG - receive_response_body.complete
2025-03-09 15:58:15 - httpcore.http11 - DEBUG - response_closed.started
2025-03-09 15:58:15 - httpcore.http11 - DEBUG - response_closed.complete
2025-03-09 15:58:15 - httpcore.connection - DEBUG - close.started
2025-03-09 15:58:15 - httpcore.connection - DEBUG - close.complete
2025-03-09 15:58:15 - root - INFO - Folder created at C:\Users\chiha\Documents\VSCode Projects\RAG_Player_Recognition\data\raw\images\Tim_Krul
2025-03-09 15:58:15 - root - INFO - Folder created at C:\Users\chiha\Documents\VSCode Projects\RAG_Player_Recognition\data\raw\images\Fabricio_Coloccini
2025-03-09 15:58:15 - root - INFO - Folder created at C:\Users\chiha\Documents\VSCode Projects\RAG_Player_Recognition\data\raw\images\Davide_Santon
2025-03-09 15:58:15 - root - INFO - Folder created at C:\Users\chiha\Documents\VSCode Projects\RAG_Player_Recognition\data\raw\images\Yohan_Cabaye
2025-03-09 15:58:15 - root - INFO - Folder created at C:\Users\chiha\Documents\VSCode Projects\RAG_Player_Recognition\data\raw\images\Danny_Simpson
2025-03-09 15:58:15 - root - INFO - Folder created at C:\Users\chiha\Documents\VSCode Projects\RAG_Player_Recognition\data\raw\images\Mike_Williamson
2025-03-09 15:58:15 - root - INFO - Folder created at C:\Users\chiha\Documents\VSCode Projects\RAG_Player_Recognition\data\raw\images\Moussa_Sissoko
2025-03-09 15:58:15 - root - INFO - Folder created at C:\Users\chiha\Documents\VSCode Projects\RAG_Player_Recognition\data\raw\images\Vurnon_Anita
2025-03-09 15:58:15 - root - INFO - Folder created at C:\Users\chiha\Documents\VSCode Projects\RAG_Player_Recognition\data\raw\images\Papiss_Cissé
2025-03-09 15:58:15 - root - INFO - Folder created at C:\Users\chiha\Documents\VSCode Projects\RAG_Player_Recognition\data\raw\images\Hatem_BenArfa
2025-03-09 15:58:15 - root - INFO - Folder created at C:\Users\chiha\Documents\VSCode Projects\RAG_Player_Recognition\data\raw\images\Yoan_Gouffran
2025-03-09 15:58:15 - root - INFO - Folder created at C:\Users\chiha\Documents\VSCode Projects\RAG_Player_Recognition\data\raw\images\Mapou_Yanga-Mbiwa
2025-03-09 15:58:15 - root - INFO - Folder created at C:\Users\chiha\Documents\VSCode Projects\RAG_Player_Recognition\data\raw\images\James_Perch
2025-03-09 15:58:15 - root - INFO - Folder created at C:\Users\chiha\Documents\VSCode Projects\RAG_Player_Recognition\data\raw\images\Dan_Gosling
2025-03-09 15:58:15 - root - INFO - Folder created at C:\Users\chiha\Documents\VSCode Projects\RAG_Player_Recognition\data\raw\images\Ryan_Taylor
2025-03-09 15:58:15 - root - INFO - Folder created at C:\Users\chiha\Documents\VSCode Projects\RAG_Player_Recognition\data\raw\images\Romain_Amalfitano
2025-03-09 15:58:15 - root - INFO - Folder created at C:\Users\chiha\Documents\VSCode Projects\RAG_Player_Recognition\data\raw\images\Jonás_Gutiérrez
2025-03-09 15:58:15 - root - INFO - Folder created at C:\Users\chiha\Documents\VSCode Projects\RAG_Player_Recognition\data\raw\images\Demba_Ba
2025-03-09 15:58:15 - root - INFO - Folder created at C:\Users\chiha\Documents\VSCode Projects\RAG_Player_Recognition\data\raw\images\Massadio_Haïdara
2025-03-09 15:58:15 - root - INFO - Folder created at C:\Users\chiha\Documents\VSCode Projects\RAG_Player_Recognition\data\raw\images\Gaël_Bigirimana
2025-03-09 15:58:15 - root - INFO - Folder created at C:\Users\chiha\Documents\VSCode Projects\RAG_Player_Recognition\data\raw\images\Rob_Elliot
2025-03-09 15:58:15 - root - INFO - Folder created at C:\Users\chiha\Documents\VSCode Projects\RAG_Player_Recognition\data\raw\images\Sylvain_Marveaux
2025-03-09 15:58:15 - root - INFO - Folder created at C:\Users\chiha\Documents\VSCode Projects\RAG_Player_Recognition\data\raw\images\Shola_Ameobi
2025-03-09 15:58:15 - root - INFO - Folder created at C:\Users\chiha\Documents\VSCode Projects\RAG_Player_Recognition\data\raw\images\Cheick_Tioté
2025-03-09 15:58:15 - root - INFO - Folder created at C:\Users\chiha\Documents\VSCode Projects\RAG_Player_Recognition\data\raw\images\Gabriel_Obertan
2025-03-09 15:58:15 - root - INFO - Folder created at C:\Users\chiha\Documents\VSCode Projects\RAG_Player_Recognition\data\raw\images\Mathieu_Debuchy
2025-03-09 15:58:15 - root - INFO - Folder created at C:\Users\chiha\Documents\VSCode Projects\RAG_Player_Recognition\data\raw\images\Steven_Taylor
2025-03-09 15:58:15 - root - INFO - Folder created at C:\Users\chiha\Documents\VSCode Projects\RAG_Player_Recognition\data\raw\images\Sammy_Ameobi
2025-03-09 15:58:15 - root - INFO - Folder created at C:\Users\chiha\Documents\VSCode Projects\RAG_Player_Recognition\data\raw\images\Haris_Vučkić
2025-03-09 15:58:15 - root - INFO - Folder created at C:\Users\chiha\Documents\VSCode Projects\RAG_Player_Recognition\data\raw\images\Nile_Ranger
2025-03-09 15:58:15 - root - INFO - Folder created at C:\Users\chiha\Documents\VSCode Projects\RAG_Player_Recognition\data\raw\images\Shane_Ferguson
2025-03-09 15:58:15 - root - INFO - Folder created at C:\Users\chiha\Documents\VSCode Projects\RAG_Player_Recognition\data\raw\images\James_Tavernier
2025-03-09 15:58:15 - root - INFO - Folder created at C:\Users\chiha\Documents\VSCode Projects\RAG_Player_Recognition\data\raw\images\Paul_Dummett
2025-03-09 15:58:15 - root - INFO - Folder created at C:\Users\chiha\Documents\VSCode Projects\RAG_Player_Recognition\data\raw\images\Steve_Harper
2025-03-09 15:58:15 - root - INFO - Folder created at C:\Users\chiha\Documents\VSCode Projects\RAG_Player_Recognition\data\raw\images\Mehdi_Abeid
2025-03-09 15:58:15 - root - INFO - Folder created at C:\Users\chiha\Documents\VSCode Projects\RAG_Player_Recognition\data\raw\images\Adam_Campbell
2025-03-09 15:58:23 - root - INFO - Calling function: entrypoint with arguments: (), {}
2025-03-09 15:58:23 - root - INFO - Function -> entrypoint returned: <coroutine object entrypoint at 0x0000021756A85540>
2025-03-09 15:58:23 - asyncio - DEBUG - Using proactor: IocpProactor
2025-03-09 15:58:23 - httpcore.connection - DEBUG - connect_tcp.started host='en.wikipedia.org' port=443 local_address=None timeout=5.0 socket_options=None
2025-03-09 15:58:23 - httpcore.connection - DEBUG - connect_tcp.complete return_value=<httpcore._backends.anyio.AnyIOStream object at 0x0000021756D1E510>
2025-03-09 15:58:23 - httpcore.connection - DEBUG - start_tls.started ssl_context=<ssl.SSLContext object at 0x0000021756CD84D0> server_hostname='en.wikipedia.org' timeout=5.0
2025-03-09 15:58:23 - httpcore.connection - DEBUG - start_tls.complete return_value=<httpcore._backends.anyio.AnyIOStream object at 0x0000021756CF5D10>
2025-03-09 15:58:23 - httpcore.http11 - DEBUG - send_request_headers.started request=<Request [b'GET']>
2025-03-09 15:58:23 - httpcore.http11 - DEBUG - send_request_headers.complete
2025-03-09 15:58:23 - httpcore.http11 - DEBUG - send_request_body.started request=<Request [b'GET']>
2025-03-09 15:58:23 - httpcore.http11 - DEBUG - send_request_body.complete
2025-03-09 15:58:23 - httpcore.http11 - DEBUG - receive_response_headers.started request=<Request [b'GET']>
2025-03-09 15:58:23 - httpcore.http11 - DEBUG - receive_response_headers.complete return_value=(b'HTTP/1.1', 200, b'OK', [(b'date', b'Sun, 09 Mar 2025 18:27:26 GMT'), (b'vary', b'Accept-Encoding,Cookie,Authorization'), (b'server', b'ATS/9.2.6'), (b'x-content-type-options', b'nosniff'), (b'content-language', b'en'), (b'accept-ch', b''), (b'last-modified', b'Thu, 06 Mar 2025 00:22:37 GMT'), (b'content-type', b'text/html; charset=UTF-8'), (b'content-encoding', b'gzip'), (b'age', b'5457'), (b'x-cache', b'cp1114 hit, cp1114 hit/22'), (b'x-cache-status', b'hit-front'), (b'server-timing', b'cache;desc="hit-front", host;desc="cp1114"'), (b'strict-transport-security', b'max-age=106384710; includeSubDomains; preload'), (b'report-to', b'{ "group": "wm_nel", "max_age": 604800, "endpoints": [{ "url": "https://intake-logging.wikimedia.org/v1/events?stream=w3c.reportingapi.network_error&schema_uri=/w3c/reportingapi/network_error/1.0.0" }] }'), (b'nel', b'{ "report_to": "wm_nel", "max_age": 604800, "failure_fraction": 0.05, "success_fraction": 0.0}'), (b'set-cookie', b'WMF-Last-Access=09-Mar-2025;Path=/;HttpOnly;secure;Expires=Thu, 10 Apr 2025 12:00:00 GMT'), (b'set-cookie', b'WMF-Last-Access-Global=09-Mar-2025;Path=/;Domain=.wikipedia.org;HttpOnly;secure;Expires=Thu, 10 Apr 2025 12:00:00 GMT'), (b'set-cookie', b'WMF-DP=42f;Path=/;HttpOnly;secure;Expires=Mon, 10 Mar 2025 00:00:00 GMT'), (b'x-client-ip', b'2600:4040:27f6:a100:ac71:3f3b:604b:adf1'), (b'cache-control', b'private, s-maxage=0, max-age=0, must-revalidate, no-transform'), (b'set-cookie', b'GeoIP=US:VA:McLean:38.96:-77.23:v4; Path=/; secure; Domain=.wikipedia.org'), (b'set-cookie', b'NetworkProbeLimit=0.001;Path=/;Secure;SameSite=Lax;Max-Age=3600'), (b'accept-ranges', b'bytes'), (b'content-length', b'83939')])
2025-03-09 15:58:23 - httpx - INFO - HTTP Request: GET https://en.wikipedia.org/wiki/2012-13_Newcastle_United_F.C._season "HTTP/1.1 200 OK"
2025-03-09 15:58:23 - httpcore.http11 - DEBUG - receive_response_body.started request=<Request [b'GET']>
2025-03-09 15:58:23 - httpcore.http11 - DEBUG - receive_response_body.complete
2025-03-09 15:58:23 - httpcore.http11 - DEBUG - response_closed.started
2025-03-09 15:58:23 - httpcore.http11 - DEBUG - response_closed.complete
2025-03-09 15:58:23 - httpcore.connection - DEBUG - close.started
2025-03-09 15:58:23 - httpcore.connection - DEBUG - close.complete
2025-03-09 15:58:23 - root - INFO - Folder re-created at C:\Users\chiha\Documents\VSCode Projects\RAG_Player_Recognition\data\raw\images\Tim_Krul
2025-03-09 15:58:23 - root - INFO - Folder re-created at C:\Users\chiha\Documents\VSCode Projects\RAG_Player_Recognition\data\raw\images\Fabricio_Coloccini
2025-03-09 15:58:23 - root - INFO - Folder re-created at C:\Users\chiha\Documents\VSCode Projects\RAG_Player_Recognition\data\raw\images\Davide_Santon
2025-03-09 15:58:23 - root - INFO - Folder re-created at C:\Users\chiha\Documents\VSCode Projects\RAG_Player_Recognition\data\raw\images\Yohan_Cabaye
2025-03-09 15:58:23 - root - INFO - Folder re-created at C:\Users\chiha\Documents\VSCode Projects\RAG_Player_Recognition\data\raw\images\Danny_Simpson
2025-03-09 15:58:23 - root - INFO - Folder re-created at C:\Users\chiha\Documents\VSCode Projects\RAG_Player_Recognition\data\raw\images\Mike_Williamson
2025-03-09 15:58:23 - root - INFO - Folder re-created at C:\Users\chiha\Documents\VSCode Projects\RAG_Player_Recognition\data\raw\images\Moussa_Sissoko
2025-03-09 15:58:23 - root - INFO - Folder re-created at C:\Users\chiha\Documents\VSCode Projects\RAG_Player_Recognition\data\raw\images\Vurnon_Anita
2025-03-09 15:58:23 - root - INFO - Folder re-created at C:\Users\chiha\Documents\VSCode Projects\RAG_Player_Recognition\data\raw\images\Papiss_Cissé
2025-03-09 15:58:23 - root - INFO - Folder re-created at C:\Users\chiha\Documents\VSCode Projects\RAG_Player_Recognition\data\raw\images\Hatem_BenArfa
2025-03-09 15:58:23 - root - INFO - Folder re-created at C:\Users\chiha\Documents\VSCode Projects\RAG_Player_Recognition\data\raw\images\Yoan_Gouffran
2025-03-09 15:58:23 - root - INFO - Folder re-created at C:\Users\chiha\Documents\VSCode Projects\RAG_Player_Recognition\data\raw\images\Mapou_Yanga-Mbiwa
2025-03-09 15:58:23 - root - INFO - Folder re-created at C:\Users\chiha\Documents\VSCode Projects\RAG_Player_Recognition\data\raw\images\James_Perch
2025-03-09 15:58:23 - root - INFO - Folder re-created at C:\Users\chiha\Documents\VSCode Projects\RAG_Player_Recognition\data\raw\images\Dan_Gosling
2025-03-09 15:58:23 - root - INFO - Folder re-created at C:\Users\chiha\Documents\VSCode Projects\RAG_Player_Recognition\data\raw\images\Ryan_Taylor
2025-03-09 15:58:23 - root - INFO - Folder re-created at C:\Users\chiha\Documents\VSCode Projects\RAG_Player_Recognition\data\raw\images\Romain_Amalfitano
2025-03-09 15:58:23 - root - INFO - Folder re-created at C:\Users\chiha\Documents\VSCode Projects\RAG_Player_Recognition\data\raw\images\Jonás_Gutiérrez
2025-03-09 15:58:23 - root - INFO - Folder re-created at C:\Users\chiha\Documents\VSCode Projects\RAG_Player_Recognition\data\raw\images\Demba_Ba
2025-03-09 15:58:23 - root - INFO - Folder re-created at C:\Users\chiha\Documents\VSCode Projects\RAG_Player_Recognition\data\raw\images\Massadio_Haïdara
2025-03-09 15:58:23 - root - INFO - Folder re-created at C:\Users\chiha\Documents\VSCode Projects\RAG_Player_Recognition\data\raw\images\Gaël_Bigirimana
2025-03-09 15:58:23 - root - INFO - Folder re-created at C:\Users\chiha\Documents\VSCode Projects\RAG_Player_Recognition\data\raw\images\Rob_Elliot
2025-03-09 15:58:23 - root - INFO - Folder re-created at C:\Users\chiha\Documents\VSCode Projects\RAG_Player_Recognition\data\raw\images\Sylvain_Marveaux
2025-03-09 15:58:23 - root - INFO - Folder re-created at C:\Users\chiha\Documents\VSCode Projects\RAG_Player_Recognition\data\raw\images\Shola_Ameobi
2025-03-09 15:58:23 - root - INFO - Folder re-created at C:\Users\chiha\Documents\VSCode Projects\RAG_Player_Recognition\data\raw\images\Cheick_Tioté
2025-03-09 15:58:23 - root - INFO - Folder re-created at C:\Users\chiha\Documents\VSCode Projects\RAG_Player_Recognition\data\raw\images\Gabriel_Obertan
2025-03-09 15:58:23 - root - INFO - Folder re-created at C:\Users\chiha\Documents\VSCode Projects\RAG_Player_Recognition\data\raw\images\Mathieu_Debuchy
2025-03-09 15:58:23 - root - INFO - Folder re-created at C:\Users\chiha\Documents\VSCode Projects\RAG_Player_Recognition\data\raw\images\Steven_Taylor
2025-03-09 15:58:23 - root - INFO - Folder re-created at C:\Users\chiha\Documents\VSCode Projects\RAG_Player_Recognition\data\raw\images\Sammy_Ameobi
2025-03-09 15:58:23 - root - INFO - Folder re-created at C:\Users\chiha\Documents\VSCode Projects\RAG_Player_Recognition\data\raw\images\Haris_Vučkić
2025-03-09 15:58:23 - root - INFO - Folder re-created at C:\Users\chiha\Documents\VSCode Projects\RAG_Player_Recognition\data\raw\images\Nile_Ranger
2025-03-09 15:58:23 - root - INFO - Folder re-created at C:\Users\chiha\Documents\VSCode Projects\RAG_Player_Recognition\data\raw\images\Shane_Ferguson
2025-03-09 15:58:23 - root - INFO - Folder re-created at C:\Users\chiha\Documents\VSCode Projects\RAG_Player_Recognition\data\raw\images\James_Tavernier
2025-03-09 15:58:23 - root - INFO - Folder re-created at C:\Users\chiha\Documents\VSCode Projects\RAG_Player_Recognition\data\raw\images\Paul_Dummett
2025-03-09 15:58:23 - root - INFO - Folder re-created at C:\Users\chiha\Documents\VSCode Projects\RAG_Player_Recognition\data\raw\images\Steve_Harper
2025-03-09 15:58:23 - root - INFO - Folder re-created at C:\Users\chiha\Documents\VSCode Projects\RAG_Player_Recognition\data\raw\images\Mehdi_Abeid
2025-03-09 15:58:23 - root - INFO - Folder re-created at C:\Users\chiha\Documents\VSCode Projects\RAG_Player_Recognition\data\raw\images\Adam_Campbell
2025-03-09 16:08:01 - root - INFO - Calling function: entrypoint with arguments: (), {}
2025-03-09 16:08:01 - root - INFO - Function -> entrypoint returned: <coroutine object entrypoint at 0x00000236603F5440>
2025-03-09 16:08:01 - asyncio - DEBUG - Using proactor: IocpProactor
2025-03-09 16:08:01 - httpcore.connection - DEBUG - connect_tcp.started host='en.wikipedia.org' port=443 local_address=None timeout=5.0 socket_options=None
2025-03-09 16:08:01 - httpcore.connection - DEBUG - connect_tcp.complete return_value=<httpcore._backends.anyio.AnyIOStream object at 0x000002366066E510>
2025-03-09 16:08:01 - httpcore.connection - DEBUG - start_tls.started ssl_context=<ssl.SSLContext object at 0x0000023660628560> server_hostname='en.wikipedia.org' timeout=5.0
2025-03-09 16:08:01 - httpcore.connection - DEBUG - start_tls.complete return_value=<httpcore._backends.anyio.AnyIOStream object at 0x0000023660649D10>
2025-03-09 16:08:01 - httpcore.http11 - DEBUG - send_request_headers.started request=<Request [b'GET']>
2025-03-09 16:08:01 - httpcore.http11 - DEBUG - send_request_headers.complete
2025-03-09 16:08:01 - httpcore.http11 - DEBUG - send_request_body.started request=<Request [b'GET']>
2025-03-09 16:08:01 - httpcore.http11 - DEBUG - send_request_body.complete
2025-03-09 16:08:01 - httpcore.http11 - DEBUG - receive_response_headers.started request=<Request [b'GET']>
2025-03-09 16:08:01 - httpcore.http11 - DEBUG - receive_response_headers.complete return_value=(b'HTTP/1.1', 200, b'OK', [(b'date', b'Sun, 09 Mar 2025 18:27:26 GMT'), (b'vary', b'Accept-Encoding,Cookie,Authorization'), (b'server', b'ATS/9.2.6'), (b'x-content-type-options', b'nosniff'), (b'content-language', b'en'), (b'accept-ch', b''), (b'last-modified', b'Thu, 06 Mar 2025 00:22:37 GMT'), (b'content-type', b'text/html; charset=UTF-8'), (b'content-encoding', b'gzip'), (b'age', b'6035'), (b'x-cache', b'cp1114 hit, cp1114 hit/23'), (b'x-cache-status', b'hit-front'), (b'server-timing', b'cache;desc="hit-front", host;desc="cp1114"'), (b'strict-transport-security', b'max-age=106384710; includeSubDomains; preload'), (b'report-to', b'{ "group": "wm_nel", "max_age": 604800, "endpoints": [{ "url": "https://intake-logging.wikimedia.org/v1/events?stream=w3c.reportingapi.network_error&schema_uri=/w3c/reportingapi/network_error/1.0.0" }] }'), (b'nel', b'{ "report_to": "wm_nel", "max_age": 604800, "failure_fraction": 0.05, "success_fraction": 0.0}'), (b'set-cookie', b'WMF-Last-Access=09-Mar-2025;Path=/;HttpOnly;secure;Expires=Thu, 10 Apr 2025 12:00:00 GMT'), (b'set-cookie', b'WMF-Last-Access-Global=09-Mar-2025;Path=/;Domain=.wikipedia.org;HttpOnly;secure;Expires=Thu, 10 Apr 2025 12:00:00 GMT'), (b'set-cookie', b'WMF-DP=42f;Path=/;HttpOnly;secure;Expires=Mon, 10 Mar 2025 00:00:00 GMT'), (b'x-client-ip', b'2600:4040:27f6:a100:ac71:3f3b:604b:adf1'), (b'cache-control', b'private, s-maxage=0, max-age=0, must-revalidate, no-transform'), (b'set-cookie', b'GeoIP=US:VA:McLean:38.96:-77.23:v4; Path=/; secure; Domain=.wikipedia.org'), (b'set-cookie', b'NetworkProbeLimit=0.001;Path=/;Secure;SameSite=Lax;Max-Age=3600'), (b'accept-ranges', b'bytes'), (b'content-length', b'83939')])
2025-03-09 16:08:01 - httpx - INFO - HTTP Request: GET https://en.wikipedia.org/wiki/2012-13_Newcastle_United_F.C._season "HTTP/1.1 200 OK"
2025-03-09 16:08:01 - httpcore.http11 - DEBUG - receive_response_body.started request=<Request [b'GET']>
2025-03-09 16:08:01 - httpcore.http11 - DEBUG - receive_response_body.complete
2025-03-09 16:08:01 - httpcore.http11 - DEBUG - response_closed.started
2025-03-09 16:08:01 - httpcore.http11 - DEBUG - response_closed.complete
2025-03-09 16:08:01 - root - INFO - Squad scraped at: ['Tim Krul', 'Fabricio Coloccini', 'Davide Santon', 'Yohan Cabaye', 'Danny Simpson', 'Mike Williamson', 'Moussa Sissoko', 'Vurnon Anita', 'Papiss Cissé', 'Hatem BenArfa', 'Yoan Gouffran', 'Mapou Yanga-Mbiwa', 'James Perch', 'Dan Gosling', 'Ryan Taylor', 'Romain Amalfitano', 'Jonás Gutiérrez', 'Demba Ba', 'Massadio Haïdara', 'Gaël Bigirimana', 'Rob Elliot', 'Sylvain Marveaux', 'Shola Ameobi', 'Cheick Tioté', 'Gabriel Obertan', 'Mathieu Debuchy', 'Steven Taylor', 'Sammy Ameobi', 'Haris Vučkić', 'Nile Ranger', 'Shane Ferguson', 'James Tavernier', 'Paul Dummett', 'Steve Harper', 'Mehdi Abeid', 'Adam Campbell']
2025-03-09 16:08:01 - httpcore.connection - DEBUG - close.started
2025-03-09 16:08:01 - httpcore.connection - DEBUG - close.complete
2025-03-09 16:08:01 - root - INFO - Folder re-created at: C:\Users\chiha\Documents\VSCode Projects\RAG_Player_Recognition\data\raw\images\Tim_Krul
2025-03-09 16:08:01 - root - INFO - Folder re-created at: C:\Users\chiha\Documents\VSCode Projects\RAG_Player_Recognition\data\raw\images\Fabricio_Coloccini
2025-03-09 16:08:01 - root - INFO - Folder re-created at: C:\Users\chiha\Documents\VSCode Projects\RAG_Player_Recognition\data\raw\images\Davide_Santon
2025-03-09 16:08:01 - root - INFO - Folder re-created at: C:\Users\chiha\Documents\VSCode Projects\RAG_Player_Recognition\data\raw\images\Yohan_Cabaye
2025-03-09 16:08:01 - root - INFO - Folder re-created at: C:\Users\chiha\Documents\VSCode Projects\RAG_Player_Recognition\data\raw\images\Danny_Simpson
2025-03-09 16:08:01 - root - INFO - Folder re-created at: C:\Users\chiha\Documents\VSCode Projects\RAG_Player_Recognition\data\raw\images\Mike_Williamson
2025-03-09 16:08:01 - root - INFO - Folder re-created at: C:\Users\chiha\Documents\VSCode Projects\RAG_Player_Recognition\data\raw\images\Moussa_Sissoko
2025-03-09 16:08:01 - root - INFO - Folder re-created at: C:\Users\chiha\Documents\VSCode Projects\RAG_Player_Recognition\data\raw\images\Vurnon_Anita
2025-03-09 16:08:01 - root - INFO - Folder re-created at: C:\Users\chiha\Documents\VSCode Projects\RAG_Player_Recognition\data\raw\images\Papiss_Cissé
2025-03-09 16:08:01 - root - INFO - Folder re-created at: C:\Users\chiha\Documents\VSCode Projects\RAG_Player_Recognition\data\raw\images\Hatem_BenArfa
2025-03-09 16:08:01 - root - INFO - Folder re-created at: C:\Users\chiha\Documents\VSCode Projects\RAG_Player_Recognition\data\raw\images\Yoan_Gouffran
2025-03-09 16:08:01 - root - INFO - Folder re-created at: C:\Users\chiha\Documents\VSCode Projects\RAG_Player_Recognition\data\raw\images\Mapou_Yanga-Mbiwa
2025-03-09 16:08:01 - root - INFO - Folder re-created at: C:\Users\chiha\Documents\VSCode Projects\RAG_Player_Recognition\data\raw\images\James_Perch
2025-03-09 16:08:01 - root - INFO - Folder re-created at: C:\Users\chiha\Documents\VSCode Projects\RAG_Player_Recognition\data\raw\images\Dan_Gosling
2025-03-09 16:08:01 - root - INFO - Folder re-created at: C:\Users\chiha\Documents\VSCode Projects\RAG_Player_Recognition\data\raw\images\Ryan_Taylor
2025-03-09 16:08:01 - root - INFO - Folder re-created at: C:\Users\chiha\Documents\VSCode Projects\RAG_Player_Recognition\data\raw\images\Romain_Amalfitano
2025-03-09 16:08:01 - root - INFO - Folder re-created at: C:\Users\chiha\Documents\VSCode Projects\RAG_Player_Recognition\data\raw\images\Jonás_Gutiérrez
2025-03-09 16:08:01 - root - INFO - Folder re-created at: C:\Users\chiha\Documents\VSCode Projects\RAG_Player_Recognition\data\raw\images\Demba_Ba
2025-03-09 16:08:01 - root - INFO - Folder re-created at: C:\Users\chiha\Documents\VSCode Projects\RAG_Player_Recognition\data\raw\images\Massadio_Haïdara
2025-03-09 16:08:01 - root - INFO - Folder re-created at: C:\Users\chiha\Documents\VSCode Projects\RAG_Player_Recognition\data\raw\images\Gaël_Bigirimana
2025-03-09 16:08:01 - root - INFO - Folder re-created at: C:\Users\chiha\Documents\VSCode Projects\RAG_Player_Recognition\data\raw\images\Rob_Elliot
2025-03-09 16:08:01 - root - INFO - Folder re-created at: C:\Users\chiha\Documents\VSCode Projects\RAG_Player_Recognition\data\raw\images\Sylvain_Marveaux
2025-03-09 16:08:01 - root - INFO - Folder re-created at: C:\Users\chiha\Documents\VSCode Projects\RAG_Player_Recognition\data\raw\images\Shola_Ameobi
2025-03-09 16:08:01 - root - INFO - Folder re-created at: C:\Users\chiha\Documents\VSCode Projects\RAG_Player_Recognition\data\raw\images\Cheick_Tioté
2025-03-09 16:08:01 - root - INFO - Folder re-created at: C:\Users\chiha\Documents\VSCode Projects\RAG_Player_Recognition\data\raw\images\Gabriel_Obertan
2025-03-09 16:08:01 - root - INFO - Folder re-created at: C:\Users\chiha\Documents\VSCode Projects\RAG_Player_Recognition\data\raw\images\Mathieu_Debuchy
2025-03-09 16:08:01 - root - INFO - Folder re-created at: C:\Users\chiha\Documents\VSCode Projects\RAG_Player_Recognition\data\raw\images\Steven_Taylor
2025-03-09 16:08:01 - root - INFO - Folder re-created at: C:\Users\chiha\Documents\VSCode Projects\RAG_Player_Recognition\data\raw\images\Sammy_Ameobi
2025-03-09 16:08:01 - root - INFO - Folder re-created at: C:\Users\chiha\Documents\VSCode Projects\RAG_Player_Recognition\data\raw\images\Haris_Vučkić
2025-03-09 16:08:01 - root - INFO - Folder re-created at: C:\Users\chiha\Documents\VSCode Projects\RAG_Player_Recognition\data\raw\images\Nile_Ranger
2025-03-09 16:08:01 - root - INFO - Folder re-created at: C:\Users\chiha\Documents\VSCode Projects\RAG_Player_Recognition\data\raw\images\Shane_Ferguson
2025-03-09 16:08:01 - root - INFO - Folder re-created at: C:\Users\chiha\Documents\VSCode Projects\RAG_Player_Recognition\data\raw\images\James_Tavernier
2025-03-09 16:08:01 - root - INFO - Folder re-created at: C:\Users\chiha\Documents\VSCode Projects\RAG_Player_Recognition\data\raw\images\Paul_Dummett
2025-03-09 16:08:01 - root - INFO - Folder re-created at: C:\Users\chiha\Documents\VSCode Projects\RAG_Player_Recognition\data\raw\images\Steve_Harper
2025-03-09 16:08:01 - root - INFO - Folder re-created at: C:\Users\chiha\Documents\VSCode Projects\RAG_Player_Recognition\data\raw\images\Mehdi_Abeid
2025-03-09 16:08:01 - root - INFO - Folder re-created at: C:\Users\chiha\Documents\VSCode Projects\RAG_Player_Recognition\data\raw\images\Adam_Campbell
