2025-03-06 20:51:59 - root - INFO - Calling function: entrypoint with arguments: (), {}
2025-03-06 20:51:59 - root - INFO - Function -> entrypoint returned: <coroutine object entrypoint at 0x0000026AFEA2B1D0>
2025-03-06 20:51:59 - asyncio - DEBUG - Using proactor: IocpProactor
2025-03-06 20:51:59 - httpcore.connection - DEBUG - connect_tcp.started host='en.wikipedia.org' port=443 local_address=None timeout=5.0 socket_options=None
2025-03-06 20:52:00 - httpcore.connection - DEBUG - connect_tcp.complete return_value=<httpcore._backends.anyio.AnyIOStream object at 0x0000026AFEC12510>
2025-03-06 20:52:00 - httpcore.connection - DEBUG - start_tls.started ssl_context=<ssl.SSLContext object at 0x0000026AFEBC0830> server_hostname='en.wikipedia.org' timeout=5.0
2025-03-06 20:52:00 - httpcore.connection - DEBUG - start_tls.complete return_value=<httpcore._backends.anyio.AnyIOStream object at 0x0000026AFEBE5F90>
2025-03-06 20:52:00 - httpcore.http11 - DEBUG - send_request_headers.started request=<Request [b'GET']>
2025-03-06 20:52:00 - httpcore.http11 - DEBUG - send_request_headers.complete
2025-03-06 20:52:00 - httpcore.http11 - DEBUG - send_request_body.started request=<Request [b'GET']>
2025-03-06 20:52:00 - httpcore.http11 - DEBUG - send_request_body.complete
2025-03-06 20:52:00 - httpcore.http11 - DEBUG - receive_response_headers.started request=<Request [b'GET']>
2025-03-06 20:52:00 - httpcore.http11 - DEBUG - receive_response_headers.complete return_value=(b'HTTP/1.1', 200, b'OK', [(b'date', b'Fri, 07 Mar 2025 01:48:21 GMT'), (b'server', b'mw-web.eqiad.main-66c6fc5577-b47h9'), (b'x-content-type-options', b'nosniff'), (b'content-language', b'en'), (b'accept-ch', b''), (b'vary', b'Accept-Encoding,Cookie,Authorization'), (b'last-modified', b'Thu, 06 Mar 2025 00:22:37 GMT'), (b'content-type', b'text/html; charset=UTF-8'), (b'content-encoding', b'gzip'), (b'age', b'219'), (b'x-cache', b'cp1100 miss, cp1100 hit/3'), (b'x-cache-status', b'hit-front'), (b'server-timing', b'cache;desc="hit-front", host;desc="cp1100"'), (b'strict-transport-security', b'max-age=106384710; includeSubDomains; preload'), (b'report-to', b'{ "group": "wm_nel", "max_age": 604800, "endpoints": [{ "url": "https://intake-logging.wikimedia.org/v1/events?stream=w3c.reportingapi.network_error&schema_uri=/w3c/reportingapi/network_error/1.0.0" }] }'), (b'nel', b'{ "report_to": "wm_nel", "max_age": 604800, "failure_fraction": 0.05, "success_fraction": 0.0}'), (b'set-cookie', b'WMF-Last-Access=07-Mar-2025;Path=/;HttpOnly;secure;Expires=Tue, 08 Apr 2025 00:00:00 GMT'), (b'set-cookie', b'WMF-Last-Access-Global=07-Mar-2025;Path=/;Domain=.wikipedia.org;HttpOnly;secure;Expires=Tue, 08 Apr 2025 00:00:00 GMT'), (b'set-cookie', b'WMF-DP=4d2;Path=/;HttpOnly;secure;Expires=Fri, 07 Mar 2025 00:00:00 GMT'), (b'x-client-ip', b'2600:4040:27f6:a100:6892:671d:3143:370c'), (b'cache-control', b'private, s-maxage=0, max-age=0, must-revalidate, no-transform'), (b'set-cookie', b'GeoIP=US:VA:McLean:38.96:-77.23:v4; Path=/; secure; Domain=.wikipedia.org'), (b'set-cookie', b'NetworkProbeLimit=0.001;Path=/;Secure;SameSite=Lax;Max-Age=3600'), (b'accept-ranges', b'bytes'), (b'content-length', b'83864')])
2025-03-06 20:52:00 - httpx - INFO - HTTP Request: GET https://en.wikipedia.org/wiki/2012%E2%80%9313_Newcastle_United_F.C._season#Players "HTTP/1.1 200 OK"
2025-03-06 20:52:00 - httpcore.http11 - DEBUG - receive_response_body.started request=<Request [b'GET']>
2025-03-06 20:52:00 - httpcore.http11 - DEBUG - receive_response_body.complete
2025-03-06 20:52:00 - httpcore.http11 - DEBUG - response_closed.started
2025-03-06 20:52:00 - httpcore.http11 - DEBUG - response_closed.complete
2025-03-06 20:52:00 - httpcore.connection - DEBUG - close.started
2025-03-06 20:52:00 - httpcore.connection - DEBUG - close.complete
